<?xml version="1.0" encoding="UTF-8"?>
<!-- Generated by org.testng.reporters.JUnitReportReporter -->
<testsuite skipped="0" hostname="Japneet" name="pageTest.RegisterPageTests" tests="2" failures="0" timestamp="22 Jan 2023 14:48:49 GMT" time="15.017" errors="0">
  <testcase name="testPositiveRegistrationOfUser" time="7.216" classname="pageTest.RegisterPageTests"/>
  <testcase name="testPositiveRegistrationOfUser" time="7.801" classname="pageTest.RegisterPageTests"/>
</testsuite> <!-- pageTest.RegisterPageTests -->
