<?xml version="1.0" encoding="UTF-8"?>
<!-- Generated by org.testng.reporters.JUnitReportReporter -->
<testsuite skipped="0" hostname="Japneet" name="pageTest.HomePageTests" tests="5" failures="0" timestamp="22 Jan 2023 14:48:49 GMT" time="17.307" errors="0">
  <testcase name="searchTest" time="5.723" classname="pageTest.HomePageTests"/>
  <testcase name="searchTest" time="5.620" classname="pageTest.HomePageTests"/>
  <testcase name="searchTest" time="5.881" classname="pageTest.HomePageTests"/>
  <testcase name="pageUrlTest" time="0.004" classname="pageTest.HomePageTests"/>
  <testcase name="pageTitleTest" time="0.079" classname="pageTest.HomePageTests"/>
</testsuite> <!-- pageTest.HomePageTests -->
