<?xml version="1.0" encoding="UTF-8"?>
<!-- Generated by org.testng.reporters.JUnitReportReporter -->
<testsuite skipped="0" hostname="Japneet" name="pageTest.LoginPageTests" tests="1" failures="0" timestamp="22 Jan 2023 14:48:49 GMT" time="6.093" errors="0">
  <testcase name="validUserLoginTest" time="6.093" classname="pageTest.LoginPageTests"/>
</testsuite> <!-- pageTest.LoginPageTests -->
